{
  "RSpec": {
    "coverage": {
      "/Users/maxgronlund/Documents/Max/code-challenge/MyMovieCollection/app/models/user.rb": {
        "lines": [
          null,
          null,
          null,
          null,
          null,
          null,
          null,
          null,
          null,
          null,
          null,
          null,
          null,
          null,
          null,
          null,
          null,
          1,
          null,
          null,
          1,
          null,
          1,
          null
        ]
      },
      "/Users/maxgronlund/Documents/Max/code-challenge/MyMovieCollection/app/models/application_record.rb": {
        "lines": [
          null,
          null,
          1,
          1,
          null
        ]
      },
      "/Users/maxgronlund/Documents/Max/code-challenge/MyMovieCollection/app/helpers/application_helper.rb": {
        "lines": [
          null,
          null,
          1,
          null
        ]
      },
      "/Users/maxgronlund/Documents/Max/code-challenge/MyMovieCollection/app/helpers/home_helper.rb": {
        "lines": [
          null,
          null,
          1,
          null
        ]
      },
      "/Users/maxgronlund/Documents/Max/code-challenge/MyMovieCollection/app/helpers/movies_helper.rb": {
        "lines": [
          null,
          null,
          1,
          1,
          8,
          null,
          null,
          null,
          1,
          13,
          13,
          null,
          13,
          13,
          13,
          null,
          13,
          33,
          14,
          70,
          13,
          null,
          null
        ]
      },
      "/Users/maxgronlund/Documents/Max/code-challenge/MyMovieCollection/app/models/movie.rb": {
        "lines": [
          null,
          null,
          null,
          null,
          null,
          null,
          null,
          null,
          null,
          null,
          null,
          null,
          null,
          null,
          null,
          null,
          null,
          null,
          null,
          null,
          null,
          null,
          null,
          null,
          null,
          null,
          null,
          null,
          null,
          null,
          null,
          null,
          null,
          null,
          1,
          1,
          null
        ]
      },
      "/Users/maxgronlund/Documents/Max/code-challenge/MyMovieCollection/app/controllers/movies_controller.rb": {
        "lines": [
          null,
          null,
          1,
          1,
          1,
          1,
          null,
          null,
          1,
          null,
          null,
          1,
          null,
          null,
          1,
          1,
          null,
          null,
          null,
          1,
          null,
          null,
          1,
          2,
          2,
          null,
          null,
          1,
          null,
          1,
          2,
          0,
          null,
          2,
          null,
          null,
          null,
          1,
          0,
          null,
          null,
          1,
          2,
          2,
          2,
          null,
          0,
          null,
          null,
          null,
          1,
          null,
          null,
          1,
          0,
          0,
          0,
          0,
          null,
          0,
          0,
          null,
          null,
          null,
          null,
          null,
          1,
          2,
          null,
          2,
          4,
          2,
          null,
          null,
          null,
          1,
          null,
          null,
          1,
          4,
          null,
          null,
          1,
          10,
          null,
          2,
          2,
          null,
          null,
          null,
          1,
          4,
          2,
          null,
          2,
          null,
          null,
          null,
          null,
          null,
          null,
          null,
          null,
          null,
          null,
          1,
          2,
          null,
          null,
          null,
          null
        ]
      },
      "/Users/maxgronlund/Documents/Max/code-challenge/MyMovieCollection/app/controllers/application_controller.rb": {
        "lines": [
          null,
          null,
          1,
          1,
          null,
          1,
          0,
          null,
          null
        ]
      },
      "/Users/maxgronlund/Documents/Max/code-challenge/MyMovieCollection/app/services/omdb_api_client.rb": {
        "lines": [
          null,
          null,
          1,
          null,
          1,
          1,
          null,
          1,
          null,
          1,
          4,
          4,
          null,
          4,
          4,
          null,
          null
        ]
      },
      "/Users/maxgronlund/Documents/Max/code-challenge/MyMovieCollection/app/controllers/home_controller.rb": {
        "lines": [
          null,
          null,
          1,
          1,
          null
        ]
      },
      "/Users/maxgronlund/Documents/Max/code-challenge/MyMovieCollection/app/controllers/users_controller.rb": {
        "lines": [
          null,
          null,
          1,
          1,
          1,
          1,
          null,
          null,
          1,
          0,
          null,
          null
        ]
      },
      "/Users/maxgronlund/Documents/Max/code-challenge/MyMovieCollection/app/controllers/users/sessions_controller.rb": {
        "lines": [
          null,
          null,
          0,
          0,
          null,
          null,
          null,
          null,
          null,
          null,
          null,
          null,
          null,
          null,
          null,
          null,
          null,
          null,
          null,
          null,
          null,
          null,
          null,
          null,
          null,
          null,
          null,
          0,
          0
        ],
        "branches": {
        }
      },
      "/Users/maxgronlund/Documents/Max/code-challenge/MyMovieCollection/app/services/dicebear_api_client.rb": {
        "lines": [
          null,
          null,
          0,
          0,
          0,
          0,
          0,
          0,
          null,
          0,
          0,
          0,
          0,
          0,
          0,
          0,
          0,
          0,
          0,
          0,
          0,
          0,
          0,
          0,
          0,
          0,
          0,
          0,
          0,
          0,
          0,
          0,
          0,
          0,
          0,
          0,
          0,
          0,
          0,
          0,
          0,
          0,
          0,
          0,
          null,
          0,
          0,
          0,
          0,
          0,
          null,
          0,
          0,
          0,
          null,
          null,
          0,
          null,
          0,
          null,
          null,
          0,
          0,
          0,
          0,
          0
        ],
        "branches": {
        }
      }
    },
    "timestamp": 1711373905
  }
}
