{
  "RSpec": {
    "coverage": {
      "/Users/maxgronlund/Documents/Max/code-challenge/MyMovieCollection/app/models/user.rb": {
        "lines": [
          null,
          null,
          null,
          null,
          null,
          null,
          null,
          null,
          null,
          null,
          null,
          null,
          null,
          null,
          null,
          null,
          null,
          1,
          null,
          null,
          1,
          null,
          1,
          null
        ]
      },
      "/Users/maxgronlund/Documents/Max/code-challenge/MyMovieCollection/app/models/application_record.rb": {
        "lines": [
          null,
          null,
          1,
          1,
          null
        ]
      },
      "/Users/maxgronlund/Documents/Max/code-challenge/MyMovieCollection/app/helpers/application_helper.rb": {
        "lines": [
          null,
          null,
          1,
          null
        ]
      },
      "/Users/maxgronlund/Documents/Max/code-challenge/MyMovieCollection/app/helpers/home_helper.rb": {
        "lines": [
          null,
          null,
          1,
          null
        ]
      },
      "/Users/maxgronlund/Documents/Max/code-challenge/MyMovieCollection/app/helpers/movies_helper.rb": {
        "lines": [
          null,
          null,
          1,
          1,
          21,
          null,
          null,
          null,
          1,
          26,
          26,
          null,
          26,
          26,
          26,
          null,
          26,
          49,
          28,
          157,
          26,
          null,
          null
        ]
      },
      "/Users/maxgronlund/Documents/Max/code-challenge/MyMovieCollection/app/models/movie.rb": {
        "lines": [
          null,
          null,
          null,
          null,
          null,
          null,
          null,
          null,
          null,
          null,
          null,
          null,
          null,
          null,
          null,
          null,
          null,
          null,
          null,
          null,
          null,
          null,
          null,
          null,
          null,
          null,
          null,
          null,
          null,
          null,
          null,
          null,
          null,
          null,
          null,
          1,
          1,
          1,
          null
        ]
      },
      "/Users/maxgronlund/Documents/Max/code-challenge/MyMovieCollection/app/controllers/movies_controller.rb": {
        "lines": [
          null,
          null,
          1,
          1,
          1,
          1,
          null,
          null,
          1,
          null,
          null,
          1,
          null,
          null,
          1,
          2,
          null,
          null,
          null,
          1,
          null,
          null,
          1,
          5,
          5,
          null,
          null,
          1,
          null,
          1,
          5,
          1,
          null,
          4,
          null,
          null,
          null,
          1,
          1,
          null,
          null,
          1,
          4,
          4,
          3,
          null,
          1,
          null,
          null,
          null,
          1,
          null,
          null,
          1,
          3,
          3,
          4,
          2,
          null,
          2,
          1,
          null,
          null,
          null,
          null,
          null,
          1,
          3,
          null,
          3,
          6,
          3,
          null,
          null,
          null,
          1,
          null,
          null,
          1,
          13,
          null,
          null,
          1,
          26,
          null,
          2,
          2,
          null,
          null,
          null,
          1,
          12,
          4,
          null,
          8,
          null,
          null,
          null,
          null,
          null,
          null,
          null,
          null,
          null,
          null,
          1,
          4,
          null,
          null,
          null,
          null
        ]
      },
      "/Users/maxgronlund/Documents/Max/code-challenge/MyMovieCollection/app/services/omdb_api_client.rb": {
        "lines": [
          null,
          null,
          1,
          null,
          1,
          1,
          null,
          1,
          null,
          1,
          7,
          7,
          null,
          7,
          7,
          null,
          null
        ]
      },
      "/Users/maxgronlund/Documents/Max/code-challenge/MyMovieCollection/app/controllers/users_controller.rb": {
        "lines": [
          null,
          null,
          1,
          1,
          1,
          8,
          null,
          null,
          1,
          1,
          null,
          null
        ]
      },
      "/Users/maxgronlund/Documents/Max/code-challenge/MyMovieCollection/app/controllers/home_controller.rb": {
        "lines": [
          null,
          null,
          1,
          1,
          null
        ]
      }
    },
    "timestamp": 1711713943
  }
}
